# JRE version: OpenJDK Runtime Environment Homebrew (11.0.25) (build 11.0.25+0)
# Java VM: OpenJDK 64-Bit Server VM Homebrew (11.0.25+0, mixed mode, tiered, compressed oops, g1 gc, bsd-aarch64)
Heap:
 garbage-first heap   total 659456K, used 135362K [0x00000005c0000000, 0x00000007c0000000)
  region size 2048K, 58 young (118784K), 5 survivors (10240K)
 Metaspace       used 34090K, capacity 35855K, committed 36160K, reserved 1081344K
  class space    used 4124K, capacity 4841K, committed 4928K, reserved 1048576K
GC Heap History (10 events):
Event: 0,271 GC heap before
{Heap before GC invocations=0 (full 0):
 garbage-first heap   total 524288K, used 24576K [0x00000005c0000000, 0x00000007c0000000)
  region size 2048K, 12 young (24576K), 0 survivors (0K)
 Metaspace       used 10527K, capacity 10881K, committed 11008K, reserved 1058816K
  class space    used 1019K, capacity 1161K, committed 1280K, reserved 1048576K
}
Event: 0,275 GC heap after
{Heap after GC invocations=1 (full 0):
 garbage-first heap   total 524288K, used 10983K [0x00000005c0000000, 0x00000007c0000000)
  region size 2048K, 2 young (4096K), 2 survivors (4096K)
 Metaspace       used 10527K, capacity 10881K, committed 11008K, reserved 1058816K
  class space    used 1019K, capacity 1161K, committed 1280K, reserved 1048576K
}
Event: 0,311 GC heap before
{Heap before GC invocations=1 (full 0):
 garbage-first heap   total 524288K, used 29415K [0x00000005c0000000, 0x00000007c0000000)
  region size 2048K, 12 young (24576K), 2 survivors (4096K)
 Metaspace       used 10617K, capacity 10956K, committed 11264K, reserved 1058816K
  class space    used 1030K, capacity 1165K, committed 1280K, reserved 1048576K
}
Event: 0,313 GC heap after
{Heap after GC invocations=2 (full 0):
 garbage-first heap   total 524288K, used 16053K [0x00000005c0000000, 0x00000007c0000000)
  region size 2048K, 2 young (4096K), 2 survivors (4096K)
 Metaspace       used 10617K, capacity 10956K, committed 11264K, reserved 1058816K
  class space    used 1030K, capacity 1165K, committed 1280K, reserved 1048576K
}
Event: 0,520 GC heap before
{Heap before GC invocations=2 (full 0):
 garbage-first heap   total 524288K, used 54965K [0x00000005c0000000, 0x00000007c0000000)
  region size 2048K, 21 young (43008K), 2 survivors (4096K)
 Metaspace       used 16406K, capacity 17147K, committed 17280K, reserved 1064960K
  class space    used 1770K, capacity 2109K, committed 2176K, reserved 1048576K
}
Event: 0,523 GC heap after
{Heap after GC invocations=3 (full 0):
 garbage-first heap   total 524288K, used 21752K [0x00000005c0000000, 0x00000007c0000000)
  region size 2048K, 3 young (6144K), 3 survivors (6144K)
 Metaspace       used 16406K, capacity 17147K, committed 17280K, reserved 1064960K
  class space    used 1770K, capacity 2109K, committed 2176K, reserved 1048576K
}
Event: 0,629 GC heap before
{Heap before GC invocations=3 (full 0):
 garbage-first heap   total 524288K, used 64760K [0x00000005c0000000, 0x00000007c0000000)
  region size 2048K, 25 young (51200K), 3 survivors (6144K)
 Metaspace       used 20487K, capacity 21364K, committed 21616K, reserved 1069056K
  class space    used 2360K, capacity 2723K, committed 2752K, reserved 1048576K
}
Event: 0,632 GC heap after
{Heap after GC invocations=4 (full 0):
 garbage-first heap   total 524288K, used 25814K [0x00000005c0000000, 0x00000007c0000000)
  region size 2048K, 2 young (4096K), 2 survivors (4096K)
 Metaspace       used 20487K, capacity 21364K, committed 21616K, reserved 1069056K
  class space    used 2360K, capacity 2723K, committed 2752K, reserved 1048576K
}
Event: 0,773 GC heap before
{Heap before GC invocations=5 (full 0):
 garbage-first heap   total 524288K, used 103638K [0x00000005c0000000, 0x00000007c0000000)
  region size 2048K, 40 young (81920K), 2 survivors (4096K)
 Metaspace       used 26378K, capacity 27556K, committed 27712K, reserved 1073152K
  class space    used 3120K, capacity 3621K, committed 3648K, reserved 1048576K
}
Event: 0,780 GC heap after
{Heap after GC invocations=6 (full 0):
 garbage-first heap   total 659456K, used 30914K [0x00000005c0000000, 0x00000007c0000000)
  region size 2048K, 5 young (10240K), 5 survivors (10240K)
 Metaspace       used 26378K, capacity 27556K, committed 27712K, reserved 1073152K
  class space    used 3120K, capacity 3621K, committed 3648K, reserved 1048576K
}

